[    0.000000] Linux version 4.15.0-194-generic (buildd@lcy02-amd64-052) (gcc version 7.5.0 (Ubuntu 7.5.0-3ubuntu1~18.04)) #205-Ubuntu SMP Fri Sep 16 19:49:27 UTC 2022 (Ubuntu 4.15.0-194.205-generic 4.15.18)
[    0.000000] Command line: BOOT_IMAGE=/boot/vmlinuz-4.15.0-194-generic root=LABEL=cloudimg-rootfs ro console=tty1 console=ttyS0
[    0.000000] KERNEL supported cpus:
[    0.000000]   Intel GenuineIntel
[    0.000000]   AMD AuthenticAMD
[    0.000000]   Centaur CentaurHauls
[    0.000000] x86/fpu: Supporting XSAVE feature 0x001: 'x87 floating point registers'
[    0.000000] x86/fpu: Supporting XSAVE feature 0x002: 'SSE registers'
[    0.000000] x86/fpu: Supporting XSAVE feature 0x004: 'AVX registers'
[    0.000000] x86/fpu: xstate_offset[2]:  576, xstate_sizes[2]:  256
[    0.000000] x86/fpu: Enabled xstate features 0x7, context size is 832 bytes, using 'standard' format.
[    0.000000] e820: BIOS-provided physical RAM map:
[    0.000000] BIOS-e820: [mem 0x0000000000000000-0x000000000009fbff] usable
[    0.000000] BIOS-e820: [mem 0x000000000009fc00-0x000000000009ffff] reserved
[    0.000000] BIOS-e820: [mem 0x00000000000f0000-0x00000000000fffff] reserved
[    0.000000] BIOS-e820: [mem 0x0000000000100000-0x000000007ffeffff] usable
[    0.000000] BIOS-e820: [mem 0x000000007fff0000-0x000000007fffffff] ACPI data
[    0.000000] BIOS-e820: [mem 0x00000000fec00000-0x00000000fec00fff] reserved
[    0.000000] BIOS-e820: [mem 0x00000000fee00000-0x00000000fee00fff] reserved
[    0.000000] BIOS-e820: [mem 0x00000000fffc0000-0x00000000ffffffff] reserved
[    0.000000] NX (Execute Disable) protection: active
[    0.000000] SMBIOS 2.5 present.
[    0.000000] DMI: innotek GmbH VirtualBox/VirtualBox, BIOS VirtualBox 12/01/2006
[    0.000000] Hypervisor detected: KVM
[    0.000000] e820: last_pfn = 0x7fff0 max_arch_pfn = 0x400000000
[    0.000000] MTRR: Disabled
[    0.000000] x86/PAT: MTRRs disabled, skipping PAT initialization too.
[    0.000000] CPU MTRRs all blank - virtualized system.
[    0.000000] x86/PAT: Configuration [0-7]: WB  WT  UC- UC  WB  WT  UC- UC  
[    0.000000] found SMP MP-table at [mem 0x0009fff0-0x0009ffff]
[    0.000000] Scanning 1 areas for low memory corruption
[    0.000000] RAMDISK: [mem 0x359cb000-0x36cdcfff]
[    0.000000] ACPI: Early table checksum verification disabled
[    0.000000] ACPI: RSDP 0x00000000000E0000 000024 (v02 VBOX  )
[    0.000000] ACPI: XSDT 0x000000007FFF0030 00003C (v01 VBOX   VBOXXSDT 00000001 ASL  00000061)
[    0.000000] ACPI: FACP 0x000000007FFF00F0 0000F4 (v04 VBOX   VBOXFACP 00000001 ASL  00000061)
[    0.000000] ACPI: DSDT 0x000000007FFF0470 002325 (v02 VBOX   VBOXBIOS 00000002 INTL 20210604)
[    0.000000] ACPI: FACS 0x000000007FFF0200 000040
[    0.000000] ACPI: FACS 0x000000007FFF0200 000040
[    0.000000] ACPI: APIC 0x000000007FFF0240 00005C (v02 VBOX   VBOXAPIC 00000001 ASL  00000061)
[    0.000000] ACPI: SSDT 0x000000007FFF02A0 0001CC (v01 VBOX   VBOXCPUT 00000002 INTL 20210604)
[    0.000000] ACPI: Reserving FACP table memory at [mem 0x7fff00f0-0x7fff01e3]
[    0.000000] ACPI: Reserving DSDT table memory at [mem 0x7fff0470-0x7fff2794]
[    0.000000] ACPI: Reserving FACS table memory at [mem 0x7fff0200-0x7fff023f]
[    0.000000] ACPI: Reserving FACS table memory at [mem 0x7fff0200-0x7fff023f]
[    0.000000] ACPI: Reserving APIC table memory at [mem 0x7fff0240-0x7fff029b]
[    0.000000] ACPI: Reserving SSDT table memory at [mem 0x7fff02a0-0x7fff046b]
[    0.000000] No NUMA configuration found
[    0.000000] Faking a node at [mem 0x0000000000000000-0x000000007ffeffff]
[    0.000000] NODE_DATA(0) allocated [mem 0x7ffc5000-0x7ffeffff]
[    0.000000] kvm-clock: cpu 0, msr 0:7ff44001, primary cpu clock
[    0.000000] kvm-clock: Using msrs 4b564d01 and 4b564d00
[    0.000000] kvm-clock: using sched offset of 3809925245 cycles
[    0.000000] clocksource: kvm-clock: mask: 0xffffffffffffffff max_cycles: 0x1cd42e4dffb, max_idle_ns: 881590591483 ns
[    0.000000] Zone ranges:
[    0.000000]   DMA      [mem 0x0000000000001000-0x0000000000ffffff]
[    0.000000]   DMA32    [mem 0x0000000001000000-0x000000007ffeffff]
[    0.000000]   Normal   empty
[    0.000000]   Device   empty
[    0.000000] Movable zone start for each node
[    0.000000] Early memory node ranges
[    0.000000]   node   0: [mem 0x0000000000001000-0x000000000009efff]
[    0.000000]   node   0: [mem 0x0000000000100000-0x000000007ffeffff]
[    0.000000] Reserved but unavailable: 104 pages
[    0.000000] Initmem setup node 0 [mem 0x0000000000001000-0x000000007ffeffff]
[    0.000000] ACPI: PM-Timer IO Port: 0x4008
[    0.000000] IOAPIC[0]: apic_id 2, version 32, address 0xfec00000, GSI 0-23
[    0.000000] ACPI: INT_SRC_OVR (bus 0 bus_irq 0 global_irq 2 dfl dfl)
[    0.000000] ACPI: INT_SRC_OVR (bus 0 bus_irq 9 global_irq 9 low level)
[    0.000000] Using ACPI (MADT) for SMP configuration information
[    0.000000] smpboot: Allowing 2 CPUs, 0 hotplug CPUs
[    0.000000] PM: Registered nosave memory: [mem 0x00000000-0x00000fff]
[    0.000000] PM: Registered nosave memory: [mem 0x0009f000-0x0009ffff]
[    0.000000] PM: Registered nosave memory: [mem 0x000a0000-0x000effff]
[    0.000000] PM: Registered nosave memory: [mem 0x000f0000-0x000fffff]
[    0.000000] e820: [mem 0x80000000-0xfebfffff] available for PCI devices
[    0.000000] Booting paravirtualized kernel on KVM
[    0.000000] clocksource: refined-jiffies: mask: 0xffffffff max_cycles: 0xffffffff, max_idle_ns: 7645519600211568 ns
[    0.000000] setup_percpu: NR_CPUS:8192 nr_cpumask_bits:2 nr_cpu_ids:2 nr_node_ids:1
[    0.000000] percpu: Embedded 50 pages/cpu s167936 r8192 d28672 u1048576
[    0.000000] PV qspinlock hash table entries: 256 (order: 0, 4096 bytes)
[    0.000000] Built 1 zonelists, mobility grouping on.  Total pages: 515961
[    0.000000] Policy zone: DMA32
[    0.000000] Kernel command line: BOOT_IMAGE=/boot/vmlinuz-4.15.0-194-generic root=LABEL=cloudimg-rootfs ro console=tty1 console=ttyS0
[    0.000000] Memory: 2014844K/2096696K available (12300K kernel code, 2477K rwdata, 4320K rodata, 2472K init, 2720K bss, 81852K reserved, 0K cma-reserved)
[    0.000000] SLUB: HWalign=64, Order=0-3, MinObjects=0, CPUs=2, Nodes=1
[    0.000000] Kernel/User page tables isolation: enabled
[    0.000000] ftrace: allocating 39477 entries in 155 pages
[    0.004000] Hierarchical RCU implementation.
[    0.004000] 	RCU restricting CPUs from NR_CPUS=8192 to nr_cpu_ids=2.
[    0.004000] 	Tasks RCU enabled.
[    0.004000] RCU: Adjusting geometry for rcu_fanout_leaf=16, nr_cpu_ids=2
[    0.004000] NR_IRQS: 524544, nr_irqs: 440, preallocated irqs: 16
[    0.004000] random: crng init done
[    0.004000] Console: colour VGA+ 80x25
[    0.004000] console [tty1] enabled
[    0.004000] console [ttyS0] enabled
[    0.004000] ACPI: Core revision 20170831
[    0.004000] ACPI: 2 ACPI AML tables successfully acquired and loaded
[    0.004000] APIC: Switch to symmetric I/O mode setup
[    0.004000] x2apic enabled
[    0.004000] Switched APIC routing to physical x2apic.
[    0.004000] ..TIMER: vector=0x30 apic1=0 pin1=2 apic2=-1 pin2=-1
[    0.004005] tsc: Detected 1991.978 MHz processor
[    0.004834] Calibrating delay loop (skipped) preset value.. 3983.95 BogoMIPS (lpj=7967912)
[    0.005243] pid_max: default: 32768 minimum: 301
[    0.005998] Security Framework initialized
[    0.008004] Yama: becoming mindful.
[    0.008796] AppArmor: AppArmor initialized
[    0.011087] Dentry cache hash table entries: 262144 (order: 9, 2097152 bytes)
[    0.013231] Inode-cache hash table entries: 131072 (order: 8, 1048576 bytes)
[    0.014668] Mount-cache hash table entries: 4096 (order: 3, 32768 bytes)
[    0.016009] Mountpoint-cache hash table entries: 4096 (order: 3, 32768 bytes)
[    0.017350] Last level iTLB entries: 4KB 64, 2MB 8, 4MB 8
[    0.018315] Last level dTLB entries: 4KB 64, 2MB 0, 4MB 0, 1GB 4
[    0.020008] Spectre V1 : Mitigation: usercopy/swapgs barriers and __user pointer sanitization
[    0.021780] Spectre V2 : Mitigation: Retpolines
[    0.022497] Spectre V2 : Spectre v2 / SpectreRSB mitigation: Filling RSB on context switch
[    0.024002] Speculative Store Bypass: Vulnerable
[    0.024943] MDS: Mitigation: Clear CPU buffers
[    0.025950] MMIO Stale Data: Mitigation: Clear CPU buffers
[    0.028042] SRBDS: Unknown: Dependent on hypervisor status
[    0.029352] Freeing SMP alternatives memory: 36K
[    0.141564] APIC calibration not consistent with PM-Timer: 101ms instead of 100ms
[    0.143371] APIC delta adjusted to PM-Timer: 6249555 (6313700)
[    0.144144] smpboot: CPU0: Intel(R) Core(TM) i7-8550U CPU @ 1.80GHz (family: 0x6, model: 0x8e, stepping: 0xa)
[    0.147042] Performance Events: unsupported p6 CPU model 142 no PMU driver, software events only.
[    0.148055] Hierarchical SRCU implementation.
[    0.150251] NMI watchdog: Perf event create on CPU 0 failed with -2
[    0.152003] NMI watchdog: Perf NMI watchdog permanently disabled
[    0.153374] smp: Bringing up secondary CPUs ...
[    0.154526] x86: Booting SMP configuration:
[    0.156006] .... node  #0, CPUs:      #1
[    0.004000] kvm-clock: cpu 1, msr 0:7ff44041, secondary cpu clock
[    0.160118] smp: Brought up 1 node, 2 CPUs
[    0.161263] smpboot: Max logical packages: 1
[    0.162316] smpboot: Total of 2 processors activated (7967.91 BogoMIPS)
[    0.164215] devtmpfs: initialized
[    0.164855] x86/mm: Memory block size: 128MB
[    0.166074] evm: security.selinux
[    0.166840] evm: security.SMACK64
[    0.168006] evm: security.SMACK64EXEC
[    0.168832] evm: security.SMACK64TRANSMUTE
[    0.169726] evm: security.SMACK64MMAP
[    0.170553] evm: security.apparmor
[    0.171327] evm: security.ima
[    0.172007] evm: security.capability
[    0.172876] clocksource: jiffies: mask: 0xffffffff max_cycles: 0xffffffff, max_idle_ns: 7645041785100000 ns
[    0.174326] futex hash table entries: 512 (order: 3, 32768 bytes)
[    0.176208] pinctrl core: initialized pinctrl subsystem
[    0.180066] RTC time: 14:37:31, date: 10/16/22
[    0.181874] NET: Registered protocol family 16
[    0.183128] audit: initializing netlink subsys (disabled)
[    0.184060] audit: type=2000 audit(1665931056.006:1): state=initialized audit_enabled=0 res=1
[    0.185942] cpuidle: using governor ladder
[    0.185942] cpuidle: using governor menu
[    0.188058] ACPI: bus type PCI registered
[    0.188979] acpiphp: ACPI Hot Plug PCI Controller Driver version: 0.5
[    0.190515] PCI: Using configuration type 1 for base access
[    0.194259] HugeTLB registered 2.00 MiB page size, pre-allocated 0 pages
[    0.196134] ACPI: Added _OSI(Module Device)
[    0.197181] ACPI: Added _OSI(Processor Device)
[    0.198264] ACPI: Added _OSI(3.0 _SCP Extensions)
[    0.200006] ACPI: Added _OSI(Processor Aggregator Device)
[    0.201212] ACPI: Added _OSI(Linux-Dell-Video)
[    0.202141] ACPI: Added _OSI(Linux-Lenovo-NV-HDMI-Audio)
[    0.203196] ACPI: Added _OSI(Linux-HPI-Hybrid-Graphics)
[    0.204312] ACPI: Executed 1 blocks of module-level executable AML code
[    0.210149] ACPI: Interpreter enabled
[    0.211378] ACPI: (supports S0 S5)
[    0.212008] ACPI: Using IOAPIC for interrupt routing
[    0.213348] PCI: Using host bridge windows from ACPI; if necessary, use "pci=nocrs" and report a bug
[    0.215393] ACPI: Enabled 2 GPEs in block 00 to 07
[    0.222769] ACPI: PCI Root Bridge [PCI0] (domain 0000 [bus 00-ff])
[    0.224051] acpi PNP0A03:00: _OSC: OS supports [ASPM ClockPM Segments MSI]
[    0.228266] acpi PNP0A03:00: _OSC: not requesting OS control; OS requires [ExtendedConfig ASPM ClockPM MSI]
[    0.230565] acpi PNP0A03:00: fail to add MMCONFIG information, can't access extended PCI configuration space under this bridge.
[    0.232475] PCI host bridge to bus 0000:00
[    0.233363] pci_bus 0000:00: root bus resource [io  0x0000-0x0cf7 window]
[    0.236004] pci_bus 0000:00: root bus resource [io  0x0d00-0xffff window]
[    0.237273] pci_bus 0000:00: root bus resource [mem 0x000a0000-0x000bffff window]
[    0.238795] pci_bus 0000:00: root bus resource [mem 0x80000000-0xfdffffff window]
[    0.240005] pci_bus 0000:00: root bus resource [bus 00-ff]
[    0.244147] pci 0000:00:01.1: legacy IDE quirk: reg 0x10: [io  0x01f0-0x01f7]
[    0.245336] pci 0000:00:01.1: legacy IDE quirk: reg 0x14: [io  0x03f6]
[    0.246376] pci 0000:00:01.1: legacy IDE quirk: reg 0x18: [io  0x0170-0x0177]
[    0.247573] pci 0000:00:01.1: legacy IDE quirk: reg 0x1c: [io  0x0376]
[    0.285500] pci 0000:00:07.0: quirk: [io  0x4000-0x403f] claimed by PIIX4 ACPI
[    0.286973] pci 0000:00:07.0: quirk: [io  0x4100-0x410f] claimed by PIIX4 SMB
[    0.304621] ACPI: PCI Interrupt Link [LNKA] (IRQs 5 9 10 *11)
[    0.306155] ACPI: PCI Interrupt Link [LNKB] (IRQs 5 9 *10 11)
[    0.307372] ACPI: PCI Interrupt Link [LNKC] (IRQs 5 *9 10 11)
[    0.308326] ACPI: PCI Interrupt Link [LNKD] (IRQs 5 9 10 *11)
[    0.310831] SCSI subsystem initialized
[    0.312175] pci 0000:00:02.0: vgaarb: setting as boot VGA device
[    0.313308] pci 0000:00:02.0: vgaarb: VGA device added: decodes=io+mem,owns=io+mem,locks=none
[    0.316017] pci 0000:00:02.0: vgaarb: bridge control possible
[    0.317058] vgaarb: loaded
[    0.317701] ACPI: bus type USB registered
[    0.318532] usbcore: registered new interface driver usbfs
[    0.319584] usbcore: registered new interface driver hub
[    0.320017] usbcore: registered new device driver usb
[    0.321065] EDAC MC: Ver: 3.0.0
[    0.321065] PCI: Using ACPI for IRQ routing
[    0.324361] NetLabel: Initializing
[    0.325388] NetLabel:  domain hash size = 128
[    0.327147] NetLabel:  protocols = UNLABELED CIPSOv4 CALIPSO
[    0.328071] NetLabel:  unlabeled traffic allowed by default
[    0.332013] clocksource: Switched to clocksource kvm-clock
[    0.349295] VFS: Disk quotas dquot_6.6.0
[    0.350649] VFS: Dquot-cache hash table entries: 512 (order 0, 4096 bytes)
[    0.352552] AppArmor: AppArmor Filesystem Enabled
[    0.353794] pnp: PnP ACPI init
[    0.355775] pnp: PnP ACPI: found 3 devices
[    0.366051] clocksource: acpi_pm: mask: 0xffffff max_cycles: 0xffffff, max_idle_ns: 2085701024 ns
[    0.367619] NET: Registered protocol family 2
[    0.368543] IP idents hash table entries: 32768 (order: 6, 262144 bytes)
[    0.370010] TCP established hash table entries: 16384 (order: 5, 131072 bytes)
[    0.371597] TCP bind hash table entries: 16384 (order: 6, 262144 bytes)
[    0.373337] TCP: Hash tables configured (established 16384 bind 16384)
[    0.374535] UDP hash table entries: 1024 (order: 3, 32768 bytes)
[    0.375723] UDP-Lite hash table entries: 1024 (order: 3, 32768 bytes)
[    0.377307] NET: Registered protocol family 1
[    0.378384] pci 0000:00:00.0: Limiting direct PCI/PCI transfers
[    0.379564] pci 0000:00:01.0: Activating ISA DMA hang workarounds
[    0.380883] pci 0000:00:02.0: Video device with shadowed ROM at [mem 0x000c0000-0x000dffff]
[    0.382439] Unpacking initramfs...
[    0.731720] Freeing initrd memory: 19528K
[    0.733198] clocksource: tsc: mask: 0xffffffffffffffff max_cycles: 0x396d28886dc, max_idle_ns: 881590594970 ns
[    0.735411] platform rtc_cmos: registered platform RTC device (no PNP device found)
[    0.737133] Scanning for low memory corruption every 60 seconds
[    0.739567] Initialise system trusted keyrings
[    0.740459] Key type blacklist registered
[    0.741439] workingset: timestamp_bits=36 max_order=19 bucket_order=0
[    0.744080] zbud: loaded
[    0.745889] squashfs: version 4.0 (2009/01/31) Phillip Lougher
[    0.747451] fuse init (API version 7.26)
[    0.750019] Key type asymmetric registered
[    0.750793] Asymmetric key parser 'x509' registered
[    0.751654] Block layer SCSI generic (bsg) driver version 0.4 loaded (major 246)
[    0.752999] io scheduler noop registered
[    0.753670] io scheduler deadline registered
[    0.754398] io scheduler cfq registered (default)
[    0.755503] ACPI: AC Adapter [AC] (on-line)
[    0.756316] input: Power Button as /devices/LNXSYSTM:00/LNXPWRBN:00/input/input0
[    0.757648] ACPI: Power Button [PWRF]
[    0.758562] input: Sleep Button as /devices/LNXSYSTM:00/LNXSLPBN:00/input/input1
[    0.760901] ACPI: Sleep Button [SLPF]
[    0.763472] ACPI: Battery Slot [BAT0] (battery present)
[    0.764268] Serial: 8250/16550 driver, 32 ports, IRQ sharing enabled
[    0.786351] 00:02: ttyS0 at I/O 0x3f8 (irq = 4, base_baud = 115200) is a 16550A
[    0.789185] Linux agpgart interface v0.103
[    0.791284] loop: module loaded
[    0.793055] scsi host0: ata_piix
[    0.794190] scsi host1: ata_piix
[    0.795285] ata1: PATA max UDMA/33 cmd 0x1f0 ctl 0x3f6 bmdma 0xd000 irq 14
[    0.796808] ata2: PATA max UDMA/33 cmd 0x170 ctl 0x376 bmdma 0xd008 irq 15
[    0.798544] tun: Universal TUN/TAP device driver, 1.6
[    0.799758] PPP generic driver version 2.4.2
[    0.801198] ehci_hcd: USB 2.0 'Enhanced' Host Controller (EHCI) Driver
[    0.802368] ehci-pci: EHCI PCI platform driver
[    0.803270] ehci-platform: EHCI generic platform driver
[    0.804339] ohci_hcd: USB 1.1 'Open' Host Controller (OHCI) Driver
[    0.805389] ohci-pci: OHCI PCI platform driver
[    0.806193] ohci-platform: OHCI generic platform driver
[    0.807061] uhci_hcd: USB Universal Host Controller Interface driver
[    0.808553] i8042: PNP: PS/2 Controller [PNP0303:PS2K,PNP0f03:PS2M] at 0x60,0x64 irq 1,12
[    0.810958] serio: i8042 KBD port at 0x60,0x64 irq 1
[    0.812055] serio: i8042 AUX port at 0x60,0x64 irq 12
[    0.813137] mousedev: PS/2 mouse device common for all mice
[    0.814672] input: AT Translated Set 2 keyboard as /devices/platform/i8042/serio0/input/input2
[    0.816666] rtc_cmos rtc_cmos: rtc core: registered rtc_cmos as rtc0
[    0.817725] rtc_cmos rtc_cmos: alarms up to one day, 114 bytes nvram
[    0.818749] i2c /dev entries driver
[    0.819408] device-mapper: uevent: version 1.0.3
[    0.820259] device-mapper: ioctl: 4.37.0-ioctl (2017-09-20) initialised: dm-devel@redhat.com
[    0.821799] ledtrig-cpu: registered to indicate activity on CPUs
[    0.823480] NET: Registered protocol family 10
[    0.830500] Segment Routing with IPv6
[    0.831556] NET: Registered protocol family 17
[    0.832614] Key type dns_resolver registered
[    0.833862] mce: Using 0 MCE banks
[    0.834614] RAS: Correctable Errors collector initialized.
[    0.835697] sched_clock: Marking stable (833778822, 0)->(1010900939, -177122117)
[    0.837501] registered taskstats version 1
[    0.838368] Loading compiled-in X.509 certificates
[    0.842364] Loaded X.509 cert 'Build time autogenerated kernel key: 6303a3b02fa1c7713b8a75ba7ba622fabd5dd271'
[    0.845568] Loaded X.509 cert 'Canonical Ltd. Live Patch Signing: 14df34d1a87cf37625abec039ef2bf521249b969'
[    0.847789] Loaded X.509 cert 'Canonical Ltd. Kernel Module Signing: 88f752e560a1e0737e31163a466ad7b70a850c19'
[    0.849911] blacklist: Loading compiled-in revocation X.509 certificates
[    0.851435] Loaded X.509 cert 'Canonical Ltd. Secure Boot Signing: 61482aa2830d0ab2ad5af10b7250da9033ddcef0'
[    0.853482] zswap: loaded using pool lzo/zbud
[    0.858863] Key type big_key registered
[    0.859803] Key type trusted registered
[    0.864725] Key type encrypted registered
[    0.865827] AppArmor: AppArmor sha1 policy hashing enabled
[    0.867218] ima: No TPM chip found, activating TPM-bypass! (rc=-19)
[    0.868759] ima: Allocated hash algorithm: sha1
[    0.869938] evm: HMAC attrs: 0x1
[    0.871627]   Magic number: 10:293:637
[    0.872708] rtc_cmos rtc_cmos: setting system clock to 2022-10-16 14:37:31 UTC (1665931051)
[    0.875513] BIOS EDD facility v0.16 2004-Jun-25, 0 devices found
[    0.877110] EDD information not available.
[    1.001211] Freeing unused kernel image memory: 2472K
[    1.016240] Write protecting the kernel read-only data: 20480k
[    1.023159] Freeing unused kernel image memory: 2008K
[    1.029956] Freeing unused kernel image memory: 1824K
[    1.064907] x86/mm: Checked W+X mappings: passed, no W+X pages found.
[    1.070102] x86/mm: Checking user space page tables
[    1.099267] x86/mm: Checked W+X mappings: passed, no W+X pages found.
Loading, please wait...
starting version 237
[    1.211265] e1000: Intel(R) PRO/1000 Network Driver - version 7.3.21-k8-NAPI
[    1.213108] e1000: Copyright (c) 1999-2006 Intel Corporation.
[    1.219083] Fusion MPT base driver 3.04.20
[    1.220757] Copyright (c) 1999-2008 LSI Corporation
[    1.242875] AVX2 version of gcm_enc/dec engaged.
[    1.244549] AES CTR mode by8 optimization enabled
[    1.246626] Fusion MPT SPI Host driver 3.04.20
[    1.434803] input: ImExPS/2 Generic Explorer Mouse as /devices/platform/i8042/serio1/input/input4
[    1.778366] e1000 0000:00:03.0 eth0: (PCI:33MHz:32-bit) 02:8e:c5:29:b5:69
[    1.783903] e1000 0000:00:03.0 eth0: Intel(R) PRO/1000 Network Connection
[    1.789496] mptbase: ioc0: Initiating bringup
[    1.790715] e1000 0000:00:03.0 enp0s3: renamed from eth0
[    2.701291] ioc0: LSI53C1030 A0: Capabilities={Initiator}
[    8.023772] scsi host2: ioc0: LSI53C1030 A0, FwRev=00000000h, Ports=1, MaxQ=256, IRQ=20
[   16.040403] scsi 2:0:0:0: Direct-Access     VBOX     HARDDISK         1.0  PQ: 0 ANSI: 5
[   17.003520] scsi target2:0:0: Beginning Domain Validation
[   17.012894] scsi target2:0:0: Domain Validation skipping write tests
[   17.016667] scsi target2:0:0: Ending Domain Validation
[   17.019956] scsi target2:0:0: asynchronous
[   17.024036] scsi 2:0:1:0: Direct-Access     VBOX     HARDDISK         1.0  PQ: 0 ANSI: 5
[   20.004067] scsi target2:0:1: Beginning Domain Validation
[   20.006131] scsi target2:0:1: Domain Validation skipping write tests
[   20.007382] scsi target2:0:1: Ending Domain Validation
[   20.009223] scsi target2:0:1: asynchronous
[   20.014475] sd 2:0:0:0: [sda] 83886080 512-byte logical blocks: (42.9 GB/40.0 GiB)
[   20.015887] sd 2:0:0:0: [sda] Write Protect is off
[   20.016863] sd 2:0:0:0: [sda] Incomplete mode parameter data
[   20.017850] sd 2:0:0:0: [sda] Assuming drive cache: write through
[   20.019043] sd 2:0:0:0: Attached scsi generic sg0 type 0
[   20.021264] sd 2:0:1:0: [sdb] 20480 512-byte logical blocks: (10.5 MB/10.0 MiB)
[   20.022609] sd 2:0:1:0: [sdb] Write Protect is off
[   20.023474]  sda: sda1
[   20.024057] sd 2:0:1:0: [sdb] Incomplete mode parameter data
[   20.025106] sd 2:0:1:0: [sdb] Assuming drive cache: write through
[   20.026419] sd 2:0:1:0: Attached scsi generic sg1 type 0
[   20.026991] sd 2:0:0:0: [sda] Attached SCSI disk
[   20.030836] sd 2:0:1:0: [sdb] Attached SCSI disk
Begin: Loading essential drivers ... [   21.420065] raid6: sse2x1   gen() 13006 MB/s
[   21.468069] raid6: sse2x1   xor()  9587 MB/s
[   21.516081] raid6: sse2x2   gen() 16553 MB/s
[   21.564081] raid6: sse2x2   xor() 11083 MB/s
[   21.612083] raid6: sse2x4   gen() 18831 MB/s
[   21.660070] raid6: sse2x4   xor() 12457 MB/s
[   21.708070] raid6: avx2x1   gen() 25953 MB/s
[   21.756071] raid6: avx2x1   xor() 18042 MB/s
[   21.804067] raid6: avx2x2   gen() 30453 MB/s
[   21.852063] raid6: avx2x2   xor() 20205 MB/s
[   21.900064] raid6: avx2x4   gen() 36270 MB/s
[   21.948064] raid6: avx2x4   xor() 21758 MB/s
[   21.948607] raid6: using algorithm avx2x4 gen() 36270 MB/s
[   21.949229] raid6: .... xor() 21758 MB/s, rmw enabled
[   21.949829] raid6: using avx2x2 recovery algorithm
[   21.951200] xor: automatically using best checksumming function   avx       
[   21.952921] async_tx: api initialized (async)
done.
Begin: Running /scripts/init-premount ... done.
Begin: Mounting root file system ... Begin: Running /scripts/local-top ... done.
Begin: Running /scripts/local-premount ... [   21.989703] Btrfs loaded, crc32c=crc32c-intel
Scanning for Btrfs filesystems
done.
Warning: fsck not present, so skipping root file system
[   22.027040] EXT4-fs (sda1): mounted filesystem with ordered data mode. Opts: (null)
done.
Begin: Running /scripts/local-bottom ... done.
Begin: Running /scripts/init-bottom ... done.
[   22.256916] ip_tables: (C) 2000-2006 Netfilter Core Team
[   22.266699] systemd[1]: systemd 237 running in system mode. (+PAM +AUDIT +SELINUX +IMA +APPARMOR +SMACK +SYSVINIT +UTMP +LIBCRYPTSETUP +GCRYPT +GNUTLS +ACL +XZ +LZ4 +SECCOMP +BLKID +ELFUTILS +KMOD -IDN2 +IDN -PCRE2 default-hierarchy=hybrid)
[   22.270220] systemd[1]: Detected virtualization oracle.
[   22.271054] systemd[1]: Detected architecture x86-64.

Welcome to [1mUbuntu 18.04.6 LTS[0m!

[   22.277263] systemd[1]: Set hostname to <devops>.
[   22.554466] systemd[1]: Created slice User and Session Slice.
[[0;32m  OK  [0m] Created slice User and Session Slice.
[   22.555751] systemd[1]: Reached target Swap.
[[0;32m  OK  [0m] Reached target Swap.
[   22.556964] systemd[1]: Set up automount Arbitrary Executable File Formats File System Automount Point.
[[0;32m  OK  [0m] Set up automount Arbitrary Executab…rmats File System Automount Point.
[   22.558969] systemd[1]: Reached target System Time Synchronized.
[[0;32m  OK  [0m] Reached target System Time Synchronized.
[   22.560588] systemd[1]: Created slice System Slice.
[[0;32m  OK  [0m] Created slice System Slice.
[   22.561817] systemd[1]: Listening on /dev/initctl Compatibility Named Pipe.
[[0;32m  OK  [0m] Listening on /dev/initctl Compatibility Named Pipe.
[[0;32m  OK  [0m] Listening on Journal Socket.
[[0;32m  OK  [0m] Listening on Journal Audit Socket.
[[0;32m  OK  [0m] Listening on Device-mapper event daemon FIFOs.
[[0;32m  OK  [0m] Listening on LVM2 poll daemon socket.
         Starting Load Kernel Modules...
[[0;32m  OK  [0m] Listening on fsck to fsckd communication Socket.
[[0;32m  OK  [0m] Listening on Journal Socket (/dev/log).
[[0;32m  OK  [0m] Started Forward Password Requests to Wall Directory Watch.
         Mounting POSIX Message Queue File System...
[[0;32m  OK  [0m] Listening on LVM2 metadata daemon socket.
         Starting Monitoring of LVM2 mirrors…ng dmeventd or progress polling...
         Mounting Kernel Debug File System...
         Starting Uncomplicated firewall...
[   22.583240] Loading iSCSI transport class v2.0-870.
         Mounting Huge Pages File System...
         Starting File System Check on Root Device...
[   22.591734] iscsi: registered transport (tcp)
[[0;32m  OK  [0m] Listening on Network Service Netlink Socket.
[[0;32m  OK  [0m] Created slice system-serial\x2dgetty.slice.
[[0;32m  OK  [0m] Reached target Slices.
         Starting Create list of required st…ce nodes for the current kernel...
[[0;32m  OK  [0m] Listening on udev Control Socket.
[[0;32m  OK  [0m] Listening on Syslog Socket.
         Starting Journal Service...
[[0;32m  OK  [0m] Reached target User and Group Name Lookups.
[[0;32m  OK  [0m] Listening on udev Kernel Socket.
         Starting udev Coldplug all Devices...
         Starting Set the console keyboard layout...
[[0;32m  OK  [0m] Started Uncomplicated firewall.
[[0;32m  OK  [0m] Started Create list of required sta…vice nodes for the current kernel.
[[0;32m  OK  [0m] Mounted Kernel Debug File System.
[[0;32m  OK  [0m] Mounted Huge Pages File System.
[[0;32m  OK  [0m] Started File System Check Daemon to report status.
[[0;32m  OK  [0m] Started LVM2 metadata daemon.
         Starting Create Static Device Nodes in /dev...
[[0;32m  OK  [0m] Mounted POSIX Message Queue File System.
[[0;32m  OK  [0m] Started Journal Service.
[[0;32m  OK  [0m] Started udev Coldplug all Devices.
[[0;32m  OK  [0m] Started Create Static Device Nodes in /dev.
[[0;32m  OK  [0m] Started File System Check on Root Device.
         Starting Remount Root and Kernel File Systems...
[[0;32m  OK  [0m] Started Monitoring of LVM2 mirrors,…sing dmeventd or progress polling.
[   22.808443] iscsi: registered transport (iser)
[   22.810140] EXT4-fs (sda1): re-mounted. Opts: (null)
[[0;32m  OK  [0m] Started Load Kernel Modules.
[[0;32m  OK  [0m] Started Remount Root and Kernel File Systems.
         Starting udev Kernel Device Manager...
         Starting Load/Save Random Seed...
         Starting Flush Journal to Persistent Storage...
         Mounting FUSE Control File System...
         Starting Apply Kernel Variables...
         Mounting Kernel Configuration File System...
[[0;32m  OK  [0m] Started Load/Save Random Seed.
[[0;32m  OK  [0m] Mounted Kernel Configuration File System.
[[0;32m  OK  [0m] Mounted FUSE Control File System.
[[0;32m  OK  [0m] Started udev Kernel Device Manager.
[   22.886628] systemd-journald[410]: Received request to flush runtime journal from PID 1
[[0;32m  OK  [0m] Started Set the console keyboard layout.
[[0;32m  OK  [0m] Reached target Local File Systems (Pre).
[[0;32m  OK  [0m] Reached target Local File Systems.
         Starting Set console font and keymap...
         Starting ebtables ruleset management...
         Starting Tell Plymouth To Write Out Runtime Data...
         Starting AppArmor initialization...
[[0;32m  OK  [0m] Started Dispatch Password Requests to Console Directory Watch.
[[0;32m  OK  [0m] Reached target Local Encrypted Volumes.
[[0;32m  OK  [0m] Started Apply Kernel Variables.
[[0;32m  OK  [0m] Started Set console font and keymap.
[[0;32m  OK  [0m] Started Tell Plymouth To Write Out Runtime Data.
[[0;32m  OK  [0m] Started Flush Journal to Persistent Storage.
         Starting Create Volatile Files and Directories...
[[0;32m  OK  [0m] Started Create Volatile Files and Directories.
         Starting Update UTMP about System Boot/Shutdown...
[[0;32m  OK  [0m] Found device /dev/ttyS0.
[[0;32m  OK  [0m] Started Update UTMP about System Boot/Shutdown.
[[0;32m  OK  [0m] Started ebtables ruleset management.
[[0;32m  OK  [0m] Listening on Load/Save RF Kill Switch Status /dev/rfkill Watch.
[[0;32m  OK  [0m] Started AppArmor initialization.
         Starting Load AppArmor profiles managed internally by snapd...
         Starting Initial cloud-init job (pre-networking)...
[[0;32m  OK  [0m] Started Load AppArmor profiles managed internally by snapd.
[   25.362490] cloud-init[561]: Cloud-init v. 22.2-0ubuntu1~18.04.3 running 'init-local' at Sun, 16 Oct 2022 14:37:55 +0000. Up 25.16 seconds.
[[0;32m  OK  [0m] Started Initial cloud-init job (pre-networking).
[[0;32m  OK  [0m] Reached target Network (Pre).
         Starting Network Service...
[[0;32m  OK  [0m] Started Network Service.
         Starting Wait for Network to be Configured...
         Starting Network Name Resolution...
[[0;32m  OK  [0m] Started Network Name Resolution.
[[0;32m  OK  [0m] Reached target Network.
[[0;32m  OK  [0m] Reached target Host and Network Name Lookups.
[[0;32m  OK  [0m] Started Wait for Network to be Configured.
         Starting Initial cloud-init job (metadata service crawler)...
[   27.199392] cloud-init[670]: Cloud-init v. 22.2-0ubuntu1~18.04.3 running 'init' at Sun, 16 Oct 2022 14:37:57 +0000. Up 27.04 seconds.
[   27.210490] cloud-init[670]: ci-info: ++++++++++++++++++++++++++++++++++++++Net device info++++++++++++++++++++++++++++++++++++++
[   27.211716] cloud-init[670]: ci-info: +--------+------+----------------------------+---------------+--------+-------------------+
[   27.212830] cloud-init[670]: ci-info: | Device |  Up  |          Address           |      Mask     | Scope  |     Hw-Address    |
[   27.224265] cloud-init[670]: ci-info: +--------+------+----------------------------+---------------+--------+-------------------+
[   27.225354] cloud-init[670]: ci-info: | enp0s3 | True |         10.0.2.15          | 255.255.255.0 | global | 02:8e:c5:29:b5:69 |
[   27.226482] cloud-init[670]: ci-info: | enp0s3 | True | fe80::8e:c5ff:fe29:b569/64 |       .       |  link  | 02:8e:c5:29:b5:69 |
[   27.227607] cloud-init[670]: ci-info: |   lo   | True |         127.0.0.1          |   255.0.0.0   |  host  |         .         |
[   27.228791] cloud-init[670]: ci-info: |   lo   | True |          ::1/128           |       .       |  host  |         .         |
[   27.230241] cloud-init[670]: ci-info: +--------+------+----------------------------+---------------+--------+-------------------+
[   27.231622] cloud-init[670]: ci-info: ++++++++++++++++++++++++++++Route IPv4 info+++++++++++++++++++++++++++++
[   27.244276] cloud-init[670]: ci-info: +-------+-------------+----------+-----------------+-----------+-------+
[   27.256307] cloud-init[670]: ci-info: | Route | Destination | Gateway  |     Genmask     | Interface | Flags |
[   27.272309] cloud-init[670]: ci-info: +-------+-------------+----------+-----------------+-----------+-------+
[   27.273517] cloud-init[670]: ci-info: |   0   |   0.0.0.0   | 10.0.2.2 |     0.0.0.0     |   enp0s3  |   UG  |
[   27.274497] cloud-init[670]: ci-info: |   1   |   10.0.2.0  | 0.0.0.0  |  255.255.255.0  |   enp0s3  |   U   |
[   27.284283] cloud-init[670]: ci-info: |   2   |   10.0.2.2  | 0.0.0.0  | 255.255.255.255 |   enp0s3  |   UH  |
[   27.285441] cloud-init[670]: ci-info: +-------+-------------+----------+-----------------+-----------+-------+
[   27.286602] cloud-init[670]: ci-info: +++++++++++++++++++Route IPv6 info+++++++++++++++++++
[   27.296213] cloud-init[670]: ci-info: +-------+-------------+---------+-----------+-------+
[   27.297237] cloud-init[670]: ci-info: | Route | Destination | Gateway | Interface | Flags |
[   27.298149] cloud-init[670]: ci-info: +-------+-------------+---------+-----------+-------+
[   27.299021] cloud-init[670]: ci-info: |   1   |  fe80::/64  |    ::   |   enp0s3  |   U   |
[   27.300107] cloud-init[670]: ci-info: |   3   |    local    |    ::   |   enp0s3  |   U   |
[   27.301146] cloud-init[670]: ci-info: |   4   |   ff00::/8  |    ::   |   enp0s3  |   U   |
[   27.302025] cloud-init[670]: ci-info: +-------+-------------+---------+-----------+-------+
[[0;32m  OK  [0m] Started Initial cloud-init job (metadata service crawler).
[[0;32m  OK  [0m] Reached target System Initialization.
[[0;32m  OK  [0m] Started Ubuntu Advantage Timer for running repeated jobs.
[[0;32m  OK  [0m] Started Daily apt download activities.
[[0;32m  OK  [0m] Started Daily Cleanup of Temporary Directories.
[[0;32m  OK  [0m] Listening on cloud-init hotplug hook socket.
[[0;32m  OK  [0m] Started ACPI Events Check.
[[0;32m  OK  [0m] Reached target Paths.
[[0;32m  OK  [0m] Listening on D-Bus System Message Bus Socket.
[[0;32m  OK  [0m] Listening on Open-iSCSI iscsid Socket.
[[0;32m  OK  [0m] Started Discard unused blocks once a week.
[[0;32m  OK  [0m] Started Message of the Day.
[[0;32m  OK  [0m] Listening on UUID daemon activation socket.
[[0;32m  OK  [0m] Started Daily apt upgrade and clean activities.
[[0;32m  OK  [0m] Reached target Timers.
[[0;32m  OK  [0m] Listening on ACPID Listen Socket.
         Starting LXD - unix socket.
         Starting Socket activation for snappy daemon.
[[0;32m  OK  [0m] Reached target Network is Online.
         Starting Availability of block devices...
[[0;32m  OK  [0m] Reached target Remote File Systems (Pre).
         Mounting /vagrant...
         Mounting /opt/devops_challenge_app...
[[0;32m  OK  [0m] Reached target Cloud-config availability.
[[0;32m  OK  [0m] Listening on LXD - unix socket.
[[0;32m  OK  [0m] Listening on Socket activation for snappy daemon.
[[0;32m  OK  [0m] Reached target Sockets.
[[0;32m  OK  [0m] Reached target Basic System.
[[0;32m  OK  [0m] Started irqbalance daemon.
         Starting LXD - container startup/shutdown...
         Starting Login Service...
         Starting System Logging Service...
[[0;32m  OK  [0m] Started D-Bus System Message Bus.
         Starting OpenBSD Secure Shell server...
[[0;32m  OK  [0m] Started Regular background program processing daemon.
         Starting Accounts Service...
[[0;32m  OK  [0m] Started FUSE filesystem for LXC.
[[0;32m  OK  [0m] Started Deferred execution scheduler.
         Starting LSB: Record successful boot for GRUB...
         Starting Virtualbox guest utils...
         Starting Dispatcher daemon for systemd-networkd...
         Starting Snap Daemon...
[[0;32m  OK  [0m] Started System Logging Service.
[[0;32m  OK  [0m] Started Availability of block devices.
[[0;32m  OK  [0m] Mounted /vagrant.
[[0;32m  OK  [0m] Mounted /opt/devops_challenge_app.
[[0;32m  OK  [0m] Started LXD - container startup/shutdown.
[[0;32m  OK  [0m] Started Login Service.
[[0;32m  OK  [0m] Started Unattended Upgrades Shutdown.
[[0;32m  OK  [0m] Reached target Remote File Systems.
         Starting Permit User Sessions...
         Starting LSB: automatic crash report generation...
[[0;32m  OK  [0m] Started Permit User Sessions.
         Starting Terminate Plymouth Boot Screen...
         Starting Hold until boot process finishes up...
[[0;32m  OK  [0m] Started Hold until boot process finishes up.
[[0;32m  OK  [0m] Started Serial Getty on ttyS0.
         Starting Set console scheme...
[[0;32m  OK  [0m] Started Terminate Plymouth Boot Screen.
[[0;32m  OK  [0m] Started OpenBSD Secure Shell server.
[[0;32m  OK  [0m] Started Set console scheme.
[[0;32m  OK  [0m] Created slice system-getty.slice.
[[0;32m  OK  [0m] Started Getty on tty1.
[[0;32m  OK  [0m] Reached target Login Prompts.
         Starting Authorization Manager...
[[0;32m  OK  [0m] Started LSB: Record successful boot for GRUB.
[[0;32m  OK  [0m] Started LSB: automatic crash report generation.
[[0;32m  OK  [0m] Started Authorization Manager.
[[0;32m  OK  [0m] Started Accounts Service.
[[0;32m  OK  [0m] Started Virtualbox guest utils.
[[0;32m  OK  [0m] Created slice User Slice of vagrant.
         Starting User Manager for UID 1000...
[[0;32m  OK  [0m] Started Session 1 of user vagrant.
[[0;32m  OK  [0m] Started Dispatcher daemon for systemd-networkd.
[[0;32m  OK  [0m] Started User Manager for UID 1000.
[[0;32m  OK  [0m] Started Snap Daemon.
         Starting Wait until snapd is fully seeded...
         Starting Time & Date Service...
[[0;32m  OK  [0m] Started Time & Date Service.
[[0;32m  OK  [0m] Started Wait until snapd is fully seeded.
         Starting Apply the settings specified in cloud-config...
[   30.636267] cloud-init[1136]: Cloud-init v. 22.2-0ubuntu1~18.04.3 running 'modules:config' at Sun, 16 Oct 2022 14:38:01 +0000. Up 30.52 seconds.
[[0;32m  OK  [0m] Started Apply the settings specified in cloud-config.
[[0;32m  OK  [0m] Reached target Multi-User System.
[[0;32m  OK  [0m] Reached target Graphical Interface.
         Starting Update UTMP about System Runlevel Changes...
         Starting Execute cloud user/final scripts...
[[0;32m  OK  [0m] Started Update UTMP about System Runlevel Changes.
[   31.207247] cloud-init[1266]: Cloud-init v. 22.2-0ubuntu1~18.04.3 running 'modules:final' at Sun, 16 Oct 2022 14:38:01 +0000. Up 31.06 seconds.
[   31.209050] cloud-init[1266]: Cloud-init v. 22.2-0ubuntu1~18.04.3 finished at Sun, 16 Oct 2022 14:38:01 +0000. Datasource DataSourceNoCloud [seed=/dev/sdb][dsmode=net].  Up 31.19 seconds
[[0;32m  OK  [0m] Started Execute cloud user/final scripts.
[[0;32m  OK  [0m] Reached target Cloud-init target.

Ubuntu 18.04.6 LTS devops ttyS0

devops login: 